✅ Environment variables configured with defaults where needed
⚠️  Telegram bot initialization skipped (SKIP_TELEGRAM=1)
⚠️  Skipping webhook setup (SKIP_TELEGRAM=1)
node:events:496
      throw er; // Unhandled 'error' event
      ^

Error: listen EADDRINUSE: address already in use :::8080
    at Server.setupListenHandle [as _listen2] (node:net:1939:16)
    at listenInCluster (node:net:1996:12)
    at Server.listen (node:net:2101:7)
    at Function.listen (/workspace/node_modules/express/lib/application.js:635:24)
    at Object.<anonymous> (/workspace/server.jsGET /api/health - 200 - 1ms
GET /api/health - 200 - 2ms
GET /api/health - 200 - 2ms
GET /api/health - 200 - 2ms
GET /api/health - 200 - 2ms
GET /api/health - 200 - 2ms
GET /api/health - 200 - 2ms
GET /api/health - 200 - 1ms
GET /api/health - 200 - 1ms
GET /api/health - 200 - 1ms
GET /api/health - 200 - 1ms
GET /api/health - 200 - 1ms
GET /api/health - 200 - 1ms
GET /api/health - 200 - 1ms
GET /get-wallet-address - 200 - 1ms
GET /get-wallet-address - 200 - 1ms
GET /get-wallet-address - 200 - 1ms
GET /get-wallet-address - 200 - 1ms
GET /sitemap.xml - 200 - 1ms
GET /sitemap.xml - 200 - 1ms
GET /sitemap.xml - 200 - 1ms
GET /sitemap.xml - 200 - 1ms
GET /sitemap.xml - 200 - 1ms
GET /sitemap.xml - 200 - 1ms
GET /sitemap.xml - 200 - 1ms
GET /robots.txt - 200 - 1ms
GET /robots.txt - 200 - 1ms
GET /robots.txt - 200 - 1ms
GET /robots.txt - 200 - 1ms
GET /robots.txt - 200 - 1ms
GET /robots.txt - 200 - 1ms
GET /robots.txt - 200 - 1ms
